<?xml version="1.0" encoding="UTF-8"?>
<testng-results ignored="0" total="1" passed="1" failed="0" skipped="0">
  <reporter-output>
    <line>
      <![CDATA[Before Test]]>
    </line>
  </reporter-output>
  <suite started-at="2020-12-03T17:24:20 IST" name="Surefire suite" finished-at="2020-12-03T17:24:20 IST" duration-ms="28">
    <groups>
    </groups>
    <test started-at="2020-12-03T17:24:20 IST" name="Surefire test" finished-at="2020-12-03T17:24:20 IST" duration-ms="28">
      <class name="com.ecom.tests.SeleniumTestNGjankins.AppTest">
        <test-method signature="shouldAnswerWithTrue()" started-at="2020-12-03T17:24:20 IST" name="shouldAnswerWithTrue" finished-at="2020-12-03T17:24:20 IST" duration-ms="7" status="PASS">
          <reporter-output>
          </reporter-output>
        </test-method> <!-- shouldAnswerWithTrue -->
      </class> <!-- com.ecom.tests.SeleniumTestNGjankins.AppTest -->
    </test> <!-- Surefire test -->
  </suite> <!-- Surefire suite -->
</testng-results>
