<?xml version="1.0" encoding="UTF-8"?>
<testsuite xmlns:xsi="http://www.w3.org/2001/XMLSchema-instance" xsi:noNamespaceSchemaLocation="https://maven.apache.org/surefire/maven-surefire-plugin/xsd/surefire-test-report.xsd" name="TestSuite" time="24.389" tests="2" errors="0" skipped="0" failures="1">
  <properties>
[...]
</properties>
  <testcase name="testEasy" classname="com.ecom.tests.SeleniumTestNGjankins.ApplicationTest" time="14.019">
    <failure message="java.net.SocketTimeoutException: timeout&#10;Build info: version: &apos;3.9.0&apos;, revision: &apos;698b3178f0&apos;, time: &apos;2018-02-05T14:26:55.441Z&apos;&#10;System info: host: &apos;LAPTOP-CTGR88I4&apos;, ip: &apos;192.168.43.43&apos;, os.name: &apos;Windows 10&apos;, os.arch: &apos;amd64&apos;, os.version: &apos;10.0&apos;, java.version: &apos;15.0.1&apos;&#10;Driver info: driver.version: RemoteWebDriver" type="org.openqa.selenium.WebDriverException">org.openqa.selenium.WebDriverException: 
java.net.SocketTimeoutException: timeout
Build info: version: '3.9.0', revision: '698b3178f0', time: '2018-02-05T14:26:55.441Z'
System info: host: 'LAPTOP-CTGR88I4', ip: '192.168.43.43', os.name: 'Windows 10', os.arch: 'amd64', os.version: '10.0', java.version: '15.0.1'
Driver info: driver.version: RemoteWebDriver
	at com.ecom.tests.SeleniumTestNGjankins.ApplicationTest.testEasy(ApplicationTest.java:21)
Caused by: java.net.SocketTimeoutException: timeout
	at com.ecom.tests.SeleniumTestNGjankins.ApplicationTest.testEasy(ApplicationTest.java:21)
Caused by: java.net.SocketException: Socket closed
	at com.ecom.tests.SeleniumTestNGjankins.ApplicationTest.testEasy(ApplicationTest.java:21)
</failure>
    <system-err><![CDATA[Starting ChromeDriver 87.0.4280.20 (c99e81631faa0b2a448e658c0dbd8311fb04ddbd-refs/branch-heads/4280@{#355}) on port 31405
Only local connections are allowed.
Please see https://chromedriver.chromium.org/security-considerations for suggestions on keeping ChromeDriver safe.
ChromeDriver was started successfully.
Dec 03, 2020 5:24:00 PM org.openqa.selenium.remote.ProtocolHandshake createSession
INFO: Detected dialect: W3C
]]></system-err>
  </testcase>
  <testcase name="shouldAnswerWithTrue on shouldAnswerWithTrue(com.ecom.tests.SeleniumTestNGjankins.AppTest)" classname="com.ecom.tests.SeleniumTestNGjankins.AppTest" time="0.001"/>
</testsuite>