<?xml version="1.0" encoding="UTF-8"?>
<testng-results ignored="0" total="1" passed="1" failed="0" skipped="0">
  <reporter-output>
    <line>
      <![CDATA[Before Test]]>
    </line>
  </reporter-output>
  <suite started-at="2020-12-02T15:28:00 IST" name="Default suite" finished-at="2020-12-02T15:28:11 IST" duration-ms="10508">
    <groups>
    </groups>
    <test started-at="2020-12-02T15:28:00 IST" name="Default test" finished-at="2020-12-02T15:28:11 IST" duration-ms="10508">
      <class name="com.ecom.tests.SeleniumTestNGjankins.ApplicationTest">
        <test-method is-config="true" signature="beforeTest()[pri:0, instance:com.ecom.tests.SeleniumTestNGjankins.ApplicationTest@d4342c2]" started-at="2020-12-02T15:28:00 IST" name="beforeTest" finished-at="2020-12-02T15:28:00 IST" duration-ms="7" status="PASS">
          <reporter-output>
            <line>
              <![CDATA[Before Test]]>
            </line>
          </reporter-output>
        </test-method> <!-- beforeTest -->
        <test-method signature="testEasy()[pri:0, instance:com.ecom.tests.SeleniumTestNGjankins.ApplicationTest@d4342c2]" started-at="2020-12-02T15:28:01 IST" name="testEasy" finished-at="2020-12-02T15:28:10 IST" duration-ms="9869" status="PASS">
          <reporter-output>
          </reporter-output>
        </test-method> <!-- testEasy -->
        <test-method is-config="true" signature="afterTest()[pri:0, instance:com.ecom.tests.SeleniumTestNGjankins.ApplicationTest@d4342c2]" started-at="2020-12-02T15:28:10 IST" name="afterTest" finished-at="2020-12-02T15:28:11 IST" duration-ms="608" status="PASS">
          <reporter-output>
          </reporter-output>
        </test-method> <!-- afterTest -->
      </class> <!-- com.ecom.tests.SeleniumTestNGjankins.ApplicationTest -->
    </test> <!-- Default test -->
  </suite> <!-- Default suite -->
</testng-results>
